build/intermediates/manifest_merge_blame_file/release/processReleaseMainManifest/manifest-merger-blame-release-report.txt
1<?xml version="1.0" encoding="utf-8"?>
2<manifest xmlns:android="http://schemas.android.com/apk/res/android"
3    package="com.truva"
4    android:versionCode="29"
5    android:versionName="19.1.1" >
6
7    <uses-sdk
8        android:minSdkVersion="24"
9        android:targetSdkVersion="34" />
10
11    <!-- İnternet erişimi - VPN tüneli trafiği için zorunlu -->
12    <uses-permission android:name="android.permission.INTERNET" />
12-->src\main\AndroidManifest.xml:5:5-67
12-->src\main\AndroidManifest.xml:5:22-64
13
14    <!-- VPN servisini bağlama yetkisi - sistem trafiğini uygulamaya teslim eder -->
15    <uses-permission android:name="android.permission.BIND_VPN_SERVICE" />
15-->src\main\AndroidManifest.xml:8:5-75
15-->src\main\AndroidManifest.xml:8:22-72
16
17    <!-- Arka planda kesintisiz çalışma (Android 6+) -->
18    <uses-permission android:name="android.permission.REQUEST_IGNORE_BATTERY_OPTIMIZATIONS" />
18-->src\main\AndroidManifest.xml:11:5-95
18-->src\main\AndroidManifest.xml:11:22-92
19    <uses-permission android:name="android.permission.FOREGROUND_SERVICE" />
19-->src\main\AndroidManifest.xml:12:5-77
19-->src\main\AndroidManifest.xml:12:22-74
20    <uses-permission android:name="android.permission.FOREGROUND_SERVICE_SPECIAL_USE" />
20-->src\main\AndroidManifest.xml:13:5-89
20-->src\main\AndroidManifest.xml:13:22-86
21    <uses-permission android:name="android.permission.RECEIVE_BOOT_COMPLETED" />
21-->src\main\AndroidManifest.xml:14:5-81
21-->src\main\AndroidManifest.xml:14:22-78
22
23    <!-- Yüklü tüm uygulamaları tarayabilmek için (Android 11+) -->
24    <uses-permission android:name="android.permission.QUERY_ALL_PACKAGES" />
24-->src\main\AndroidManifest.xml:17:5-77
24-->src\main\AndroidManifest.xml:17:22-74
25
26    <!-- GPS Spoofing - Mock Location Provider -->
27    <uses-permission android:name="android.permission.ACCESS_FINE_LOCATION" />
27-->src\main\AndroidManifest.xml:20:5-79
27-->src\main\AndroidManifest.xml:20:22-76
28    <uses-permission android:name="android.permission.ACCESS_COARSE_LOCATION" />
28-->src\main\AndroidManifest.xml:21:5-81
28-->src\main\AndroidManifest.xml:21:22-78
29    <uses-permission android:name="android.permission.ACCESS_MOCK_LOCATION" />
29-->src\main\AndroidManifest.xml:22:5-79
29-->src\main\AndroidManifest.xml:22:22-76
30
31    <!-- Bildirim gönderme yetkisi (Android 13+) -->
32    <uses-permission android:name="android.permission.POST_NOTIFICATIONS" />
32-->src\main\AndroidManifest.xml:25:5-77
32-->src\main\AndroidManifest.xml:25:22-74
33
34    <!-- SIM/Telefon bilgileri okuma (spoofing referansı) -->
35    <uses-permission android:name="android.permission.READ_PHONE_STATE" />
35-->src\main\AndroidManifest.xml:28:5-75
35-->src\main\AndroidManifest.xml:28:22-72
36
37    <permission
37-->[androidx.core:core:1.12.0] AndroidManifest.xml:22:5-24:47
38        android:name="com.truva.DYNAMIC_RECEIVER_NOT_EXPORTED_PERMISSION"
38-->[androidx.core:core:1.12.0] AndroidManifest.xml:23:9-81
39        android:protectionLevel="signature" />
39-->[androidx.core:core:1.12.0] AndroidManifest.xml:24:9-44
40
41    <uses-permission android:name="com.truva.DYNAMIC_RECEIVER_NOT_EXPORTED_PERMISSION" />
41-->[androidx.core:core:1.12.0] AndroidManifest.xml:26:5-97
41-->[androidx.core:core:1.12.0] AndroidManifest.xml:26:22-94
42
43    <application
43-->src\main\AndroidManifest.xml:30:5-112:19
44        android:allowBackup="true"
44-->src\main\AndroidManifest.xml:31:9-35
45        android:appComponentFactory="androidx.core.app.CoreComponentFactory"
45-->[androidx.core:core:1.12.0] AndroidManifest.xml:28:18-86
46        android:extractNativeLibs="true"
46-->src\main\AndroidManifest.xml:37:9-41
47        android:icon="@mipmap/ic_launcher"
47-->src\main\AndroidManifest.xml:32:9-43
48        android:label="Truva"
48-->src\main\AndroidManifest.xml:33:9-30
49        android:networkSecurityConfig="@xml/network_security_config"
49-->src\main\AndroidManifest.xml:38:9-69
50        android:supportsRtl="true"
50-->src\main\AndroidManifest.xml:34:9-35
51        android:theme="@android:style/Theme.Material.NoActionBar"
51-->src\main\AndroidManifest.xml:35:9-66
52        android:usesCleartextTraffic="false" >
52-->src\main\AndroidManifest.xml:36:9-45
53
54        <!-- ADB Eşleştirme Bildirimi Alıcısı -->
55        <receiver
55-->src\main\AndroidManifest.xml:41:9-93
56            android:name="com.truva.sandbox.adb.AdbPairingReceiver"
56-->src\main\AndroidManifest.xml:41:19-65
57            android:exported="false" />
57-->src\main\AndroidManifest.xml:41:66-90
58
59        <!-- Ana Giriş Ekranı -->
60        <activity
60-->src\main\AndroidManifest.xml:44:9-68:20
61            android:name="com.truva.MainActivity"
61-->src\main\AndroidManifest.xml:45:13-41
62            android:exported="true"
62-->src\main\AndroidManifest.xml:46:13-36
63            android:launchMode="singleTask" >
63-->src\main\AndroidManifest.xml:47:13-44
64            <intent-filter>
64-->src\main\AndroidManifest.xml:48:13-51:29
65                <action android:name="android.intent.action.MAIN" />
65-->src\main\AndroidManifest.xml:49:17-69
65-->src\main\AndroidManifest.xml:49:25-66
66
67                <category android:name="android.intent.category.LAUNCHER" />
67-->src\main\AndroidManifest.xml:50:17-77
67-->src\main\AndroidManifest.xml:50:27-74
68            </intent-filter>
69
70            <!-- Deep Link: Sunucu ekleme -->
71            <intent-filter>
71-->src\main\AndroidManifest.xml:54:13-59:29
72                <action android:name="android.intent.action.VIEW" />
72-->src\main\AndroidManifest.xml:55:17-69
72-->src\main\AndroidManifest.xml:55:25-66
73
74                <category android:name="android.intent.category.DEFAULT" />
74-->src\main\AndroidManifest.xml:56:17-76
74-->src\main\AndroidManifest.xml:56:27-73
75                <category android:name="android.intent.category.BROWSABLE" />
75-->src\main\AndroidManifest.xml:57:17-78
75-->src\main\AndroidManifest.xml:57:27-75
76
77                <data
77-->src\main\AndroidManifest.xml:58:17-73
78                    android:host="import"
78-->src\main\AndroidManifest.xml:58:49-70
79                    android:scheme="truvavpn" />
79-->src\main\AndroidManifest.xml:58:23-48
80            </intent-filter>
81
82            <!-- Deep Link: Kazık Savar oturum aktivasyonu -->
83            <intent-filter>
83-->src\main\AndroidManifest.xml:62:13-67:29
84                <action android:name="android.intent.action.VIEW" />
84-->src\main\AndroidManifest.xml:55:17-69
84-->src\main\AndroidManifest.xml:55:25-66
85
86                <category android:name="android.intent.category.DEFAULT" />
86-->src\main\AndroidManifest.xml:56:17-76
86-->src\main\AndroidManifest.xml:56:27-73
87                <category android:name="android.intent.category.BROWSABLE" />
87-->src\main\AndroidManifest.xml:57:17-78
87-->src\main\AndroidManifest.xml:57:27-75
88
89                <data
89-->src\main\AndroidManifest.xml:58:17-73
90                    android:host="activate"
90-->src\main\AndroidManifest.xml:58:49-70
91                    android:scheme="truvavpn" />
91-->src\main\AndroidManifest.xml:58:23-48
92            </intent-filter>
93        </activity>
94
95        <!-- VPN Servisi -->
96        <service
96-->src\main\AndroidManifest.xml:71:9-82:19
97            android:name="com.truva.MyVpnService"
97-->src\main\AndroidManifest.xml:72:13-41
98            android:exported="false"
98-->src\main\AndroidManifest.xml:74:13-37
99            android:foregroundServiceType="specialUse"
99-->src\main\AndroidManifest.xml:75:13-55
100            android:permission="android.permission.BIND_VPN_SERVICE" >
100-->src\main\AndroidManifest.xml:73:13-69
101            <meta-data
101-->src\main\AndroidManifest.xml:76:13-78:101
102                android:name="android.app.PROPERTY_SPECIAL_USE_FGS_SUBTYPE"
102-->src\main\AndroidManifest.xml:77:17-76
103                android:value="VPN tüneli - cihaz trafiğini güvenli tünel üzerinden yönlendirir." />
103-->src\main\AndroidManifest.xml:78:17-98
104
105            <intent-filter>
105-->src\main\AndroidManifest.xml:79:13-81:29
106                <action android:name="android.net.VpnService" />
106-->src\main\AndroidManifest.xml:80:17-65
106-->src\main\AndroidManifest.xml:80:25-62
107            </intent-filter>
108        </service>
109
110        <!-- Work Profile yönetimi için DeviceAdmin alıcı -->
111        <receiver
111-->src\main\AndroidManifest.xml:85:9-99:20
112            android:name="com.truva.sandbox.TruvaDeviceAdmin"
112-->src\main\AndroidManifest.xml:86:13-53
113            android:exported="true"
113-->src\main\AndroidManifest.xml:88:13-36
114            android:permission="android.permission.BIND_DEVICE_ADMIN" >
114-->src\main\AndroidManifest.xml:87:13-70
115            <meta-data
115-->src\main\AndroidManifest.xml:89:13-91:56
116                android:name="android.app.device_admin"
116-->src\main\AndroidManifest.xml:90:17-56
117                android:resource="@xml/device_admin" />
117-->src\main\AndroidManifest.xml:91:17-53
118
119            <intent-filter>
119-->src\main\AndroidManifest.xml:92:13-94:29
120                <action android:name="android.app.action.DEVICE_ADMIN_ENABLED" />
120-->src\main\AndroidManifest.xml:93:17-82
120-->src\main\AndroidManifest.xml:93:25-79
121            </intent-filter>
122            <intent-filter>
122-->src\main\AndroidManifest.xml:95:13-98:29
123                <action android:name="android.intent.action.BOOT_COMPLETED" />
123-->src\main\AndroidManifest.xml:96:17-79
123-->src\main\AndroidManifest.xml:96:25-76
124                <action android:name="android.intent.action.LOCKED_BOOT_COMPLETED" />
124-->src\main\AndroidManifest.xml:97:17-86
124-->src\main\AndroidManifest.xml:97:25-83
125            </intent-filter>
126        </receiver>
127
128        <!-- File Provider (Log paylaşımı vb. için tutulabilir) -->
129        <provider
130            android:name="androidx.core.content.FileProvider"
130-->src\main\AndroidManifest.xml:103:13-62
131            android:authorities="com.truva.fileprovider"
131-->src\main\AndroidManifest.xml:104:13-64
132            android:exported="false"
132-->src\main\AndroidManifest.xml:105:13-37
133            android:grantUriPermissions="true" >
133-->src\main\AndroidManifest.xml:106:13-47
134            <meta-data
134-->src\main\AndroidManifest.xml:107:13-109:54
135                android:name="android.support.FILE_PROVIDER_PATHS"
135-->src\main\AndroidManifest.xml:108:17-67
136                android:resource="@xml/file_paths" />
136-->src\main\AndroidManifest.xml:109:17-51
137        </provider>
138
139        <activity
139-->[com.google.android.gms:play-services-base:18.1.0] AndroidManifest.xml:20:9-22:45
140            android:name="com.google.android.gms.common.api.GoogleApiActivity"
140-->[com.google.android.gms:play-services-base:18.1.0] AndroidManifest.xml:20:19-85
141            android:exported="false"
141-->[com.google.android.gms:play-services-base:18.1.0] AndroidManifest.xml:22:19-43
142            android:theme="@android:style/Theme.Translucent.NoTitleBar" />
142-->[com.google.android.gms:play-services-base:18.1.0] AndroidManifest.xml:21:19-78
143
144        <meta-data
144-->[com.google.android.gms:play-services-basement:18.1.0] AndroidManifest.xml:21:9-23:69
145            android:name="com.google.android.gms.version"
145-->[com.google.android.gms:play-services-basement:18.1.0] AndroidManifest.xml:22:13-58
146            android:value="@integer/google_play_services_version" />
146-->[com.google.android.gms:play-services-basement:18.1.0] AndroidManifest.xml:23:13-66
147
148        <provider
148-->[androidx.emoji2:emoji2:1.3.0] AndroidManifest.xml:24:9-32:20
149            android:name="androidx.startup.InitializationProvider"
149-->[androidx.emoji2:emoji2:1.3.0] AndroidManifest.xml:25:13-67
150            android:authorities="com.truva.androidx-startup"
150-->[androidx.emoji2:emoji2:1.3.0] AndroidManifest.xml:26:13-68
151            android:exported="false" >
151-->[androidx.emoji2:emoji2:1.3.0] AndroidManifest.xml:27:13-37
152            <meta-data
152-->[androidx.emoji2:emoji2:1.3.0] AndroidManifest.xml:29:13-31:52
153                android:name="androidx.emoji2.text.EmojiCompatInitializer"
153-->[androidx.emoji2:emoji2:1.3.0] AndroidManifest.xml:30:17-75
154                android:value="androidx.startup" />
154-->[androidx.emoji2:emoji2:1.3.0] AndroidManifest.xml:31:17-49
155            <meta-data
155-->[androidx.lifecycle:lifecycle-process:2.7.0] AndroidManifest.xml:29:13-31:52
156                android:name="androidx.lifecycle.ProcessLifecycleInitializer"
156-->[androidx.lifecycle:lifecycle-process:2.7.0] AndroidManifest.xml:30:17-78
157                android:value="androidx.startup" />
157-->[androidx.lifecycle:lifecycle-process:2.7.0] AndroidManifest.xml:31:17-49
158            <meta-data
158-->[androidx.profileinstaller:profileinstaller:1.3.0] AndroidManifest.xml:29:13-31:52
159                android:name="androidx.profileinstaller.ProfileInstallerInitializer"
159-->[androidx.profileinstaller:profileinstaller:1.3.0] AndroidManifest.xml:30:17-85
160                android:value="androidx.startup" />
160-->[androidx.profileinstaller:profileinstaller:1.3.0] AndroidManifest.xml:31:17-49
161        </provider>
162
163        <service
163-->[androidx.room:room-runtime:2.6.1] AndroidManifest.xml:24:9-28:63
164            android:name="androidx.room.MultiInstanceInvalidationService"
164-->[androidx.room:room-runtime:2.6.1] AndroidManifest.xml:25:13-74
165            android:directBootAware="true"
165-->[androidx.room:room-runtime:2.6.1] AndroidManifest.xml:26:13-43
166            android:exported="false" />
166-->[androidx.room:room-runtime:2.6.1] AndroidManifest.xml:27:13-37
167
168        <receiver
168-->[androidx.profileinstaller:profileinstaller:1.3.0] AndroidManifest.xml:34:9-52:20
169            android:name="androidx.profileinstaller.ProfileInstallReceiver"
169-->[androidx.profileinstaller:profileinstaller:1.3.0] AndroidManifest.xml:35:13-76
170            android:directBootAware="false"
170-->[androidx.profileinstaller:profileinstaller:1.3.0] AndroidManifest.xml:36:13-44
171            android:enabled="true"
171-->[androidx.profileinstaller:profileinstaller:1.3.0] AndroidManifest.xml:37:13-35
172            android:exported="true"
172-->[androidx.profileinstaller:profileinstaller:1.3.0] AndroidManifest.xml:38:13-36
173            android:permission="android.permission.DUMP" >
173-->[androidx.profileinstaller:profileinstaller:1.3.0] AndroidManifest.xml:39:13-57
174            <intent-filter>
174-->[androidx.profileinstaller:profileinstaller:1.3.0] AndroidManifest.xml:40:13-42:29
175                <action android:name="androidx.profileinstaller.action.INSTALL_PROFILE" />
175-->[androidx.profileinstaller:profileinstaller:1.3.0] AndroidManifest.xml:41:17-91
175-->[androidx.profileinstaller:profileinstaller:1.3.0] AndroidManifest.xml:41:25-88
176            </intent-filter>
177            <intent-filter>
177-->[androidx.profileinstaller:profileinstaller:1.3.0] AndroidManifest.xml:43:13-45:29
178                <action android:name="androidx.profileinstaller.action.SKIP_FILE" />
178-->[androidx.profileinstaller:profileinstaller:1.3.0] AndroidManifest.xml:44:17-85
178-->[androidx.profileinstaller:profileinstaller:1.3.0] AndroidManifest.xml:44:25-82
179            </intent-filter>
180            <intent-filter>
180-->[androidx.profileinstaller:profileinstaller:1.3.0] AndroidManifest.xml:46:13-48:29
181                <action android:name="androidx.profileinstaller.action.SAVE_PROFILE" />
181-->[androidx.profileinstaller:profileinstaller:1.3.0] AndroidManifest.xml:47:17-88
181-->[androidx.profileinstaller:profileinstaller:1.3.0] AndroidManifest.xml:47:25-85
182            </intent-filter>
183            <intent-filter>
183-->[androidx.profileinstaller:profileinstaller:1.3.0] AndroidManifest.xml:49:13-51:29
184                <action android:name="androidx.profileinstaller.action.BENCHMARK_OPERATION" />
184-->[androidx.profileinstaller:profileinstaller:1.3.0] AndroidManifest.xml:50:17-95
184-->[androidx.profileinstaller:profileinstaller:1.3.0] AndroidManifest.xml:50:25-92
185            </intent-filter>
186        </receiver>
187    </application>
188
189</manifest>